KindleAssistant/proguard-project.txt
# To enable ProGuard in your project, edit project.properties
# to define the proguard.config property as described in that file.
#
# Add project specific ProGuard rules here.
# By default, the flags in this file are appended to flags specified
# in ${sdk.dir}/tools/proguard/proguard-android.txt
# You can edit the include path and order by changing the ProGuard
# include property in project.properties.
#
# For more details, see
#   http://developer.android.com/guide/developing/tools/proguard.html

# Add any project specific keep options here:

# If your project uses WebView with JS, uncomment the following
# and specify the fully qualified class name to the JavaScript interface
# class:
-keepclassmembers class fqcn.of.javascript.interface.for.webview {
   public *;
}

-dontwarn android.support.**
-dontwarn android.**
-dontwarn com.google.**
-dontwarn com.umeng.**
-dontwarn com.tencent.**

-keep class android.support.**{*;}
-keep class android.** { *; }
-keep class org.apache.**{*;}


-dontshrink
-keepattributes Signature
-optimizationpasses 5
-dontusemixedcaseclassnames
-dontskipnonpubliclibraryclasses
-dontpreverify
-verbose
-optimizations !code/simplification/arithmetic,!field/*,!class/merging/*

-keep public class * extends android.app.Activity
-keep public class * extends android.app.Application
-keep public class * extends android.app.Service
-keep public class * extends android.content.BroadcastReceiver
-keep public class * extends android.content.ContentProvider
-keep public class * extends android.app.backup.BackupAgentHelper
-keep public class * extends android.preference.Preference
-keep public class com.android.vending.licensing.ILicensingService

##---------------Begin: proguard configuration for Gson  ----------
# Gson uses generic type information stored in a class file when working with fields. Proguard
# removes such information by default, so configure it to keep all of it.
-keepattributes Signature
# For using GSON @Expose annotation
-keepattributes *Annotation*
# Gson specific classes
-keep class sun.misc.Unsafe { *; }
#-keep class com.google.gson.stream.** { *; }
# Application classes that will be serialized/deserialized over Gson
-keep class com.google.gson.examples.android.model.** { *; }
##---------------End: proguard configuration for Gson  ----------

-keepclasseswithmembernames class * {
    native <methods>;
}

-keepclasseswithmembers class * {
    public <init>(android.content.Context, android.util.AttributeSet);
}

-keepclasseswithmembers class * {
    public <init>(android.content.Context, android.util.AttributeSet, int);
}

-keepclassmembers class * extends android.app.Activity {
   public void *(android.view.View);
}

-keepclassmembers enum * {
    public static **[] values();
    public static ** valueOf(java.lang.String);
}

-keep class * implements android.os.Parcelable {
  public static final android.os.Parcelable$Creator *;
}

-keep class android.support.**{*;}
-keep class android.** { *; }

-keep class com.tencent.**{*;}

-keep class org.apache.**{*;} 

-keepclassmembers class * implements java.io.Serializable {
	public protected <fields>;
	public protected <methods>;
    static final long serialVersionUID;
    static final java.io.ObjectStreamField[] serialPersistentFields;
    private void writeObject(java.io.ObjectOutputStream);
    private void readObject(java.io.ObjectInputStream);
    java.lang.Object writeReplace();
    java.lang.Object readResolve();
}

-keepclassmembers class * {
   public <init>(org.json.JSONObject);
}

-keep public class com.umeng.fb.ui.ThreadView {
}

-keep public class * extends com.umeng.**

-dontoptimize
-dontusemixedcaseclassnames
-dontskipnonpubliclibraryclasses
-dontpreverify
-verbose
-ignorewarning
-optimizations !code/simplification/arithmetic,!field/*,!class/merging/*

-keep public class * extends android.view.View {
    public <init>(android.content.Context);
    public <init>(android.content.Context, android.util.AttributeSet);
    public <init>(android.content.Context, android.util.AttributeSet, int);
    public void set*(...);
}

# This will avoid all the onClick listeners referenced from XML Layouts from being removed

# remove all logs
-assumenosideeffects class android.util.Log { *; }

-keepclasseswithmembers class * {
    public <init>(android.content.Context, android.util.AttributeSet);
}

-keepclasseswithmembers class * {
    public <init>(android.content.Context, android.util.AttributeSet, int);
}

-keepclassmembers class * implements android.os.Parcelable {
    static android.os.Parcelable$Creator CREATOR;
}

-keepclassmembers class **.R$* {
    public static <fields>;
}

-keepclassmembers class fqcn.of.javascript.interface.for.webview {
   public *;
}

-keep class * implements android.os.Parcelable {
  public static final android.os.Parcelable$Creator *;
}

-dontwarn android.support.**
-dontwarn android.**
-dontwarn com.google.**
-dontwarn com.umeng.**

-keep class android.support.**{*;}
-keep class android.** { *; }
-keep class org.apache.**{*;}

-keep class android.** { *; }
-keep class com.google.** { *; }
-keep class com.umeng.**{*;}


-keepclassmembers class * implements java.io.Serializable {
	public protected <fields>;
	public protected <methods>;
    static final long serialVersionUID;
    static final java.io.ObjectStreamField[] serialPersistentFields;
    private void writeObject(java.io.ObjectOutputStream);
    private void readObject(java.io.ObjectInputStream);
    java.lang.Object writeReplace();
    java.lang.Object readResolve();
}

-keepclassmembers class * {
   public <init>(org.json.JSONObject);
}

-keep public class com.bxj.R$*{
	public static final int *;
}

-keep public class * extends android.app.Service
-keep public class * extends android.content.BroadcastReceiver
-keep class com.tencent.android.tpush.**  {* ;}
-keep class com.tencent.mid.**  {* ;}
-keep class com.kindleassistant.entity.**  {* ;}

-libraryjars libs/umeng-analytics-v5.2.4.jar
-libraryjars libs/com.umeng.fb.v5.0.0.jar
-libraryjars libs/umeng-update-v2.4.2.jar
-libraryjars libs/android-support-v4.jar
-libraryjars libs/mid-sdk-2.10.jar
-libraryjars libs/wup-1.0.0-SNAPSHOT.jar
-libraryjars libs/Xg_sdk_v2.31.jar