KindleAssistant/proguard/seeds.txt
com.kindleassistant.App
com.kindleassistant.App: App()
com.kindleassistant.R$anim: int slide_in_left
com.kindleassistant.R$anim: int slide_in_right
com.kindleassistant.R$anim: int slide_out_left
com.kindleassistant.R$anim: int slide_out_right
com.kindleassistant.R$array: int sp_emails
com.kindleassistant.R$array: int umeng_fb_contact_key_array
com.kindleassistant.R$array: int umeng_fb_contact_type_array
com.kindleassistant.R$attr: int behindOffset
com.kindleassistant.R$attr: int behindScrollScale
com.kindleassistant.R$attr: int behindWidth
com.kindleassistant.R$attr: int fadeDegree
com.kindleassistant.R$attr: int fadeEnabled
com.kindleassistant.R$attr: int mode
com.kindleassistant.R$attr: int selectorDrawable
com.kindleassistant.R$attr: int selectorEnabled
com.kindleassistant.R$attr: int shadowDrawable
com.kindleassistant.R$attr: int shadowWidth
com.kindleassistant.R$attr: int touchModeAbove
com.kindleassistant.R$attr: int touchModeBehind
com.kindleassistant.R$attr: int viewAbove
com.kindleassistant.R$attr: int viewBehind
com.kindleassistant.R$color: int accent_1
com.kindleassistant.R$color: int all_track_color
com.kindleassistant.R$color: int background_1
com.kindleassistant.R$color: int block_column_1
com.kindleassistant.R$color: int block_column_2
com.kindleassistant.R$color: int block_column_3
com.kindleassistant.R$color: int body_text_1
com.kindleassistant.R$color: int body_text_1_inverse
com.kindleassistant.R$color: int body_text_2
com.kindleassistant.R$color: int body_text_2_inverse
com.kindleassistant.R$color: int body_text_disabled
com.kindleassistant.R$color: int content_bg
com.kindleassistant.R$color: int hyperlink
com.kindleassistant.R$color: int menu_bg
com.kindleassistant.R$color: int page_bg
com.kindleassistant.R$color: int text_color
com.kindleassistant.R$color: int text_menu_press
com.kindleassistant.R$color: int title_bar_bg
com.kindleassistant.R$color: int umeng_fb_gray
com.kindleassistant.R$color: int umeng_fb_lightblue
com.kindleassistant.R$color: int umeng_fb_line
com.kindleassistant.R$color: int umeng_fb_secondary_text_light
com.kindleassistant.R$color: int umeng_fb_white
com.kindleassistant.R$color: int whats_on_separator
com.kindleassistant.R$dimen: int actionbar_height
com.kindleassistant.R$dimen: int actionbar_item_height
com.kindleassistant.R$dimen: int actionbar_item_width
com.kindleassistant.R$dimen: int activity_horizontal_margin
com.kindleassistant.R$dimen: int activity_vertical_margin
com.kindleassistant.R$dimen: int body_padding_large
com.kindleassistant.R$dimen: int body_padding_medium
com.kindleassistant.R$dimen: int common_page_edge_padding
com.kindleassistant.R$dimen: int space_line_h_height
com.kindleassistant.R$dimen: int speaker_image_padding
com.kindleassistant.R$dimen: int speaker_image_size
com.kindleassistant.R$dimen: int text_size_large
com.kindleassistant.R$dimen: int text_size_medium
com.kindleassistant.R$dimen: int text_size_small
com.kindleassistant.R$dimen: int text_size_xlarge
com.kindleassistant.R$dimen: int umeng_fb_item_content_size
com.kindleassistant.R$dimen: int umeng_fb_item_height
com.kindleassistant.R$dimen: int umeng_fb_item_line_height
com.kindleassistant.R$dimen: int umeng_fb_item_time_size
com.kindleassistant.R$dimen: int umeng_fb_spinner_padding_left
com.kindleassistant.R$dimen: int vendor_image_size
...
android.support.v4.app.NotificationCompat$InboxStyle
android.support.v4.app.NotificationCompat$InboxStyle: java.util.ArrayList mTexts
android.support.v4.app.NotificationCompat$InboxStyle: NotificationCompat$InboxStyle()
android.support.v4.app.NotificationCompat$InboxStyle: NotificationCompat$InboxStyle(android.support.v4.app.NotificationCompat$Builder)
android.support.v4.app.NotificationCompat$InboxStyle: android.support.v4.app.NotificationCompat$InboxStyle setBigContentTitle(java.lang.CharSequence)
android.support.v4.app.NotificationCompat$InboxStyle: android.support.v4.app.NotificationCompat$InboxStyle setSummaryText(java.lang.CharSequence)
android.support.v4.app.NotificationCompat$InboxStyle: android.support.v4.app.NotificationCompat$InboxStyle addLine(java.lang.CharSequence)
android.support.v4.app.NotificationCompat$NotificationCompatImpl
android.support.v4.app.NotificationCompat$NotificationCompatImpl: android.app.Notification build(android.support.v4.app.NotificationCompat$Builder)
android.support.v4.app.NotificationCompat$NotificationCompatImpl: android.os.Bundle getExtras(android.app.Notification)
android.support.v4.app.NotificationCompat$NotificationCompatImpl: int getActionCount(android.app.Notification)
android.support.v4.app.NotificationCompat$NotificationCompatImpl: android.support.v4.app.NotificationCompat$Action getAction(android.app.Notification,int)
android.support.v4.app.NotificationCompat$NotificationCompatImpl: android.support.v4.app.NotificationCompat$Action[] getActionsFromParcelableArrayList(java.util.ArrayList)
android.support.v4.app.NotificationCompat$NotificationCompatImpl: java.util.ArrayList getParcelableArrayListForActions(android.support.v4.app.NotificationCompat$Action[])
android.support.v4.app.NotificationCompat$NotificationCompatImpl: java.lang.String getCategory(android.app.Notification)
android.support.v4.app.NotificationCompat$NotificationCompatImpl: boolean getLocalOnly(android.app.Notification)
android.support.v4.app.NotificationCompat$NotificationCompatImpl: java.lang.String getGroup(android.app.Notification)
android.support.v4.app.NotificationCompat$NotificationCompatImpl: boolean isGroupSummary(android.app.Notification)
android.support.v4.app.NotificationCompat$NotificationCompatImplApi20
android.support.v4.app.NotificationCompat$NotificationCompatImplApi20: NotificationCompat$NotificationCompatImplApi20()
android.support.v4.app.NotificationCompat$NotificationCompatImplApi20: android.app.Notification build(android.support.v4.app.NotificationCompat$Builder)
android.support.v4.app.NotificationCompat$NotificationCompatImplApi20: android.support.v4.app.NotificationCompat$Action getAction(android.app.Notification,int)
android.support.v4.app.NotificationCompat$NotificationCompatImplApi20: android.support.v4.app.NotificationCompat$Action[] getActionsFromParcelableArrayList(java.util.ArrayList)
android.support.v4.app.NotificationCompat$NotificationCompatImplApi20: java.util.ArrayList getParcelableArrayListForActions(android.support.v4.app.NotificationCompat$Action[])
android.support.v4.app.NotificationCompat$NotificationCompatImplApi20: boolean getLocalOnly(android.app.Notification)
android.support.v4.app.NotificationCompat$NotificationCompatImplApi20: java.lang.String getGroup(android.app.Notification)
android.support.v4.app.NotificationCompat$NotificationCompatImplApi20: boolean isGroupSummary(android.app.Notification)
android.support.v4.app.NotificationCompat$NotificationCompatImplApi20: java.lang.String getSortKey(android.app.Notification)