KindleAssistant/proguard/mapping.txt
com.kindleassistant.App -> com.kindleassistant.App:
    android.content.Context applicationContext -> a
    com.kindleassistant.App app -> b
    void onCreate() -> onCreate
    void checkConfig() -> e
    void appinit() -> a
    void userCreate() -> f
    android.content.Context getContext() -> b
    com.kindleassistant.App getApp() -> c
    java.lang.String getVersionName() -> d
com.kindleassistant.App$1 -> com.kindleassistant.a:
    com.kindleassistant.App this$0 -> a
    void onSuccess(java.lang.Object,int) -> onSuccess
    void onFail(java.lang.Object,int,java.lang.String) -> onFail
com.kindleassistant.App$2 -> com.kindleassistant.b:
    com.kindleassistant.App this$0 -> a
    void onResponse(com.kindleassistant.entity.UserCreateApi$UserCreateRsp) -> a
    void onResponse(java.lang.Object) -> a
com.kindleassistant.AppConstants -> com.kindleassistant.c:
    java.lang.String BASE_URL -> a
    java.lang.String SEND_URL -> b
    java.lang.String PREVIEW_URL -> c
    java.lang.String USER_CREATE -> d
com.kindleassistant.AppPreferences -> com.kindleassistant.d:
    int IV_SIZE -> c
    int KEY_SIZE -> d
    java.lang.String AES_ALGORITHM -> e
    java.lang.String AES_KEY_TYPE -> f
    java.lang.String RANDOM_GEN_ALGORITHM -> g
    java.lang.String SHAREDPREFERENCES_NAME -> a
    android.content.SharedPreferences sPreferences -> b
    java.lang.String IS_REGISTERPUSH -> h
    java.lang.String HAS_SLIDINGGUIDE -> i
    java.lang.String USER_EMAIL -> j
    java.lang.String APPUID -> k
    byte[] generateKey(int) -> a
    byte[] generateIV(int) -> b
    java.lang.String secureValue(java.lang.String) -> a
    java.lang.String valueFromSecureValue(java.lang.String) -> b
    boolean getHasSlidingGuide() -> a
    boolean setHasSlidingGuide(boolean) -> a
    boolean getRegisterPush() -> b
    boolean setRegisterPush(boolean) -> b
    java.lang.String getAppUid() -> c
    boolean saveAppUid(java.lang.String) -> c
    java.lang.String getEmail() -> d
    boolean setEmail(java.lang.String) -> d
com.kindleassistant.BuildConfig -> com.kindleassistant.e:
    boolean DEBUG -> a
com.kindleassistant.R -> com.kindleassistant.R:
com.kindleassistant.R$anim -> com.kindleassistant.R$anim:
    int slide_in_left -> slide_in_left
    int slide_in_right -> slide_in_right
    int slide_out_left -> slide_out_left
    int slide_out_right -> slide_out_right
com.kindleassistant.R$array -> com.kindleassistant.R$array:
    int sp_emails -> sp_emails
    int umeng_fb_contact_key_array -> umeng_fb_contact_key_array
    int umeng_fb_contact_type_array -> umeng_fb_contact_type_array
com.kindleassistant.R$attr -> com.kindleassistant.R$attr:
    int behindOffset -> behindOffset
    int behindScrollScale -> behindScrollScale
    int behindWidth -> behindWidth
    int fadeDegree -> fadeDegree
    int fadeEnabled -> fadeEnabled
    int mode -> mode
    int selectorDrawable -> selectorDrawable
    int selectorEnabled -> selectorEnabled
    int shadowDrawable -> shadowDrawable
    int shadowWidth -> shadowWidth
    int touchModeAbove -> touchModeAbove
    int touchModeBehind -> touchModeBehind
    int viewAbove -> viewAbove
    int viewBehind -> viewBehind
...
com.google.gson.internal.LinkedTreeMap -> com.google.gson.internal.LinkedTreeMap:
    java.util.Comparator NATURAL_ORDER -> NATURAL_ORDER
    java.util.Comparator comparator -> comparator
    com.google.gson.internal.LinkedTreeMap$Node root -> root
    int size -> size
    int modCount -> modCount
    com.google.gson.internal.LinkedTreeMap$Node header -> header
    com.google.gson.internal.LinkedTreeMap$EntrySet entrySet -> entrySet
    com.google.gson.internal.LinkedTreeMap$KeySet keySet -> keySet
    boolean $assertionsDisabled -> $assertionsDisabled
    int size() -> size
    java.lang.Object get(java.lang.Object) -> get
    boolean containsKey(java.lang.Object) -> containsKey
    java.lang.Object put(java.lang.Object,java.lang.Object) -> put
    void clear() -> clear
    java.lang.Object remove(java.lang.Object) -> remove
    com.google.gson.internal.LinkedTreeMap$Node find(java.lang.Object,boolean) -> find
    com.google.gson.internal.LinkedTreeMap$Node findByObject(java.lang.Object) -> findByObject
    com.google.gson.internal.LinkedTreeMap$Node findByEntry(java.util.Map$Entry) -> findByEntry
    boolean equal(java.lang.Object,java.lang.Object) -> equal
    void removeInternal(com.google.gson.internal.LinkedTreeMap$Node,boolean) -> removeInternal
    com.google.gson.internal.LinkedTreeMap$Node removeInternalByKey(java.lang.Object) -> removeInternalByKey
com.google.gson.internal.LinkedTreeMap$1 -> com.google.gson.internal.LinkedTreeMap$1:
    int compare(java.lang.Comparable,java.lang.Comparable) -> compare
    int compare(java.lang.Object,java.lang.Object) -> compare
com.google.gson.internal.LinkedTreeMap$EntrySet -> com.google.gson.internal.LinkedTreeMap$EntrySet:
    com.google.gson.internal.LinkedTreeMap this$0 -> this$0
    int size() -> size
    java.util.Iterator iterator() -> iterator
    boolean contains(java.lang.Object) -> contains
    boolean remove(java.lang.Object) -> remove
    void clear() -> clear
com.google.gson.internal.LinkedTreeMap$EntrySet$1 -> com.google.gson.internal.LinkedTreeMap$EntrySet$1:
    com.google.gson.internal.LinkedTreeMap$EntrySet this$1 -> this$1
    java.util.Map$Entry next() -> next
    java.lang.Object next() -> next
com.google.gson.internal.LinkedTreeMap$KeySet -> com.google.gson.internal.LinkedTreeMap$KeySet:
    com.google.gson.internal.LinkedTreeMap this$0 -> this$0
    int size() -> size
    java.util.Iterator iterator() -> iterator
    boolean contains(java.lang.Object) -> contains
    boolean remove(java.lang.Object) -> remove
    void clear() -> clear
com.google.gson.internal.LinkedTreeMap$KeySet$1 -> com.google.gson.internal.LinkedTreeMap$KeySet$1:
    com.google.gson.internal.LinkedTreeMap$KeySet this$1 -> this$1
    java.lang.Object next() -> next
com.google.gson.internal.LinkedTreeMap$LinkedTreeMapIterator -> com.google.gson.internal.LinkedTreeMap$LinkedTreeMapIterator:
    com.google.gson.internal.LinkedTreeMap$Node next -> next
    com.google.gson.internal.LinkedTreeMap$Node lastReturned -> lastReturned
    int expectedModCount -> expectedModCount
    com.google.gson.internal.LinkedTreeMap this$0 -> this$0
    boolean hasNext() -> hasNext
    com.google.gson.internal.LinkedTreeMap$Node nextNode() -> nextNode
    void remove() -> remove